2021-05-02 06:14:24,169 - werkzeug - WARNING -  * Debugger is active!
2021-05-02 06:22:29,206 - werkzeug - WARNING -  * Debugger is active!
2021-05-02 06:24:07,100 - werkzeug - WARNING -  * Debugger is active!
2021-05-02 06:27:04,542 - werkzeug - WARNING -  * Debugger is active!
2021-05-02 06:27:24,725 - werkzeug - WARNING -  * Debugger is active!
2021-05-02 06:30:14,347 - werkzeug - WARNING -  * Debugger is active!
2021-05-02 06:30:23,284 - werkzeug - WARNING -  * Debugger is active!
2021-05-02 06:30:49,181 - werkzeug - WARNING -  * Debugger is active!
2021-05-02 06:30:55,540 - werkzeug - WARNING -  * Debugger is active!
2021-05-02 06:31:23,756 - werkzeug - WARNING -  * Debugger is active!
2021-05-02 06:32:04,941 - werkzeug - WARNING -  * Debugger is active!
2021-05-02 06:36:08,556 - werkzeug - WARNING -  * Debugger is active!
2021-05-02 06:36:51,100 - werkzeug - WARNING -  * Debugger is active!
2021-05-02 06:37:23,549 - werkzeug - WARNING -  * Debugger is active!
2021-05-02 06:37:31,009 - werkzeug - WARNING -  * Debugger is active!
2021-05-02 06:38:49,370 - werkzeug - INFO -  * Restarting with stat
2021-05-02 06:38:51,127 - werkzeug - WARNING -  * Debugger is active!
2021-05-02 06:38:51,131 - werkzeug - INFO -  * Debugger PIN: 847-729-081
2021-05-02 06:38:51,138 - werkzeug - INFO -  * Running on http://127.0.0.1:5000/ (Press CTRL+C to quit)
2021-05-02 06:39:07,456 - werkzeug - INFO - 127.0.0.1 - - [02/May/2021 06:39:07] "[37mPOST /api/v1/cvparser/single HTTP/1.1[0m" 200 -
2021-05-02 06:40:25,937 - werkzeug - INFO -  * Detected change in 'c:\\Users\\Mohit Khanwale\\Desktop\\SplitReq\\SplitReq-Parser\\flask_app.py', reloading
2021-05-02 06:40:26,050 - werkzeug - INFO -  * Restarting with stat
2021-05-02 06:40:27,840 - werkzeug - WARNING -  * Debugger is active!
2021-05-02 06:40:27,845 - werkzeug - INFO -  * Debugger PIN: 847-729-081
2021-05-02 06:40:27,850 - werkzeug - INFO -  * Running on http://127.0.0.1:5000/ (Press CTRL+C to quit)
