2021-05-02 04:42:57,909 - batch_parsing - INFO - Starting the Batch Parsing of batch_parsing\\ipNLfea4wEqA34W8YnFzoe
2021-05-02 04:50:10,170 - batch_parsing - INFO - Starting the Batch Parsing of batch_parsing\\ipNLfea4wEqA34W8YnFzoe
2021-05-02 04:53:13,767 - batch_parsing - INFO - Starting the Batch Parsing of batch_parsing\B5gK5FDw7U8jbgmmq7TR2J
2021-05-02 04:54:45,527 - batch_parsing - INFO - Starting the Batch Parsing of batch_parsing\B5gK5FDw7U8jbgmmq7TR2J
2021-05-02 04:55:53,673 - batch_parsing - INFO - Starting the Batch Parsing of batch_parsing\B5gK5FDw7U8jbgmmq7TR2J
2021-05-02 04:58:14,886 - batch_parsing - INFO - Starting the Batch Parsing of batch_parsing\B5gK5FDw7U8jbgmmq7TR2J
2021-05-02 04:58:16,497 - batch_parsing - ERROR - Error in batch parser while parsing resume- unparsed_resumes.zip
Traceback (most recent call last):
  File "c:\Users\Mohit Khanwale\Desktop\SplitReq\SplitReq-Parser\batch_parsing.py", line 40, in parseUnzippedResumes
    os.rename(org_file_path, new_file_path)
FileNotFoundError: [WinError 2] The system cannot find the file specified: 'batch_parsing\\B5gK5FDw7U8jbgmmq7TR2J\\unparsed_resumes.zip' -> 'batch_parsing\\B5gK5FDw7U8jbgmmq7TR2J\\unparsed_resumes_SsWuAPzSVapPNtzBu7ZWjr.zip'
2021-05-02 05:00:02,449 - batch_parsing - INFO - Starting the Batch Parsing of batch_parsing\B5gK5FDw7U8jbgmmq7TR2J
2021-05-02 05:00:02,647 - batch_parsing - ERROR - Error in batch parser while parsing resume- DWIGHT kavanagh_8xm6q6YKwSD4GJvhwUBEew_HaqzQsokaQhdGWBKHtWS4Y_P6EYAScrjhra2vMumpUTPQ_CCYadEqW2Gv7DznJeBoWkF_fE3AfHU5g3L6YAzEUDwkSP.pdf
Traceback (most recent call last):
  File "c:\Users\Mohit Khanwale\Desktop\SplitReq\SplitReq-Parser\batch_parsing.py", line 46, in parseUnzippedResumes
    raise Exception
Exception
2021-05-02 05:00:03,829 - batch_parsing - ERROR - Error in batch parser while parsing resume- ellen_jacobs_iCvyURDupCwxbxcGbs95Mr_fEPtetrV8SVMju3Trv4HqF_55dTRCu2qwwzHUp2TsWeGR_QDHymK9PJCuuiVBA9EGhse_nGf8AdkispsDiHd9STtoEm.pdf
Traceback (most recent call last):
  File "c:\Users\Mohit Khanwale\Desktop\SplitReq\SplitReq-Parser\batch_parsing.py", line 46, in parseUnzippedResumes
    raise Exception
Exception
2021-05-02 05:00:03,974 - batch_parsing - ERROR - Error in batch parser while parsing resume- Lawrence Acosta_TJf98DEE3vQpRChndyZrXz_2QTY8E6RinrxV2Yc37iXtS_AePFGLH8uLLnw8dpUqC832_eN3KsDZvHNni5LmMBVSsFm_dLKjW7SGVLBbSn9xE34con.docx
Traceback (most recent call last):
  File "c:\Users\Mohit Khanwale\Desktop\SplitReq\SplitReq-Parser\batch_parsing.py", line 46, in parseUnzippedResumes
    raise Exception
Exception
2021-05-02 05:01:21,307 - batch_parsing - INFO - Starting the Batch Parsing of batch_parsing\B5gK5FDw7U8jbgmmq7TR2J
2021-05-02 05:01:21,503 - batch_parsing - ERROR - Error in batch parser while parsing resume- DWIGHT kavanagh_8xm6q6YKwSD4GJvhwUBEew_HaqzQsokaQhdGWBKHtWS4Y_P6EYAScrjhra2vMumpUTPQ_CCYadEqW2Gv7DznJeBoWkF_fE3AfHU5g3L6YAzEUDwkSP_myTzixpyk4cpU7xqrFjPrq.pdf
Traceback (most recent call last):
  File "c:\Users\Mohit Khanwale\Desktop\SplitReq\SplitReq-Parser\batch_parsing.py", line 46, in parseUnzippedResumes
    raise Exception
Exception
2021-05-02 05:01:22,734 - batch_parsing - ERROR - Error in batch parser while parsing resume- ellen_jacobs_iCvyURDupCwxbxcGbs95Mr_fEPtetrV8SVMju3Trv4HqF_55dTRCu2qwwzHUp2TsWeGR_QDHymK9PJCuuiVBA9EGhse_nGf8AdkispsDiHd9STtoEm_GSk34wptZC6Ci32vLgaj25.pdf
Traceback (most recent call last):
  File "c:\Users\Mohit Khanwale\Desktop\SplitReq\SplitReq-Parser\batch_parsing.py", line 46, in parseUnzippedResumes
    raise Exception
Exception
2021-05-02 05:01:22,876 - batch_parsing - ERROR - Error in batch parser while parsing resume- Lawrence Acosta_TJf98DEE3vQpRChndyZrXz_2QTY8E6RinrxV2Yc37iXtS_AePFGLH8uLLnw8dpUqC832_eN3KsDZvHNni5LmMBVSsFm_dLKjW7SGVLBbSn9xE34con_4UFJMQAaXiiLnjCwnGKr7x.docx
Traceback (most recent call last):
  File "c:\Users\Mohit Khanwale\Desktop\SplitReq\SplitReq-Parser\batch_parsing.py", line 46, in parseUnzippedResumes
    raise Exception
Exception
2021-05-02 05:04:52,834 - batch_parsing - INFO - Starting the Batch Parsing of batch_parsing\ipNLfea4wEqA34W8YnFzoe
2021-05-02 05:06:34,882 - batch_parsing - INFO - Starting the Batch Parsing of batch_parsing\ipNLfea4wEqA34W8YnFzoe
2021-05-02 05:12:39,514 - batch_parsing - INFO - Starting the Batch Parsing of batch_parsing\ipNLfea4wEqA34W8YnFzoe
2021-05-02 05:12:39,518 - batch_parsing - ERROR - Error in batch parser while parsing resume- Adrian Moreno_jRZkT5RYvyuumyTHsDtZ9D_5AGv6ma7XQzJRCDfH7SpAY_W2GnY8V4RQW5ZWpD76qApn_4E4qbAnjqD73jaA8hBqYNr_8mghWSrFPvUikycCaLuQqm_8RNRYunZFeDyvb3a2noz5X_mAyKcj5ecAcxP2WTBTPd3b_DD2y9NkETpMAioqRc4UNzC.doc
Traceback (most recent call last):
  File "c:\Users\Mohit Khanwale\Desktop\SplitReq\SplitReq-Parser\batch_parsing.py", line 41, in parseUnzippedResumes
    if output_dict:
UnboundLocalError: local variable 'output_dict' referenced before assignment
2021-05-02 05:12:39,529 - batch_parsing - ERROR - Error in batch parser while parsing resume- BenDean_3Xze8XHVDM5UbyZdjqAnZ2_bFztT5jXNHxhYHmo9AnThA_YdovtXbg4H8DuhHuHo23Wv_iAm47iMpW5BW5m5ZJkv6Dd_b845ShhRyVuj2bQoHaGQie_JuMdVAawpqMxHgbre9U3Wv_Mp22pRuoEDTiqkZfMSx9Ti_gGdPWgV95SoZs7bSQc4fcE.pdf
Traceback (most recent call last):
  File "c:\Users\Mohit Khanwale\Desktop\SplitReq\SplitReq-Parser\batch_parsing.py", line 41, in parseUnzippedResumes
    if output_dict:
UnboundLocalError: local variable 'output_dict' referenced before assignment
2021-05-02 05:12:39,533 - batch_parsing - ERROR - Error in batch parser while parsing resume- Bhavik_Shah_WebDev_Java_more_R7ryaaiE6VEe9TLxCchLah_AJnWTcw5V7QA3Z7caVj9gr_YBCsvW3oQm8du4vkphQKog_bbCXVBD45MDmVnQ2m2KbCt_CreXEUtKWTJYh3nifnGXwf_H7iwekdLVMBP64CQEwwCAU_c8qHQscdiz7zyG2iMhujFz_cTXCWfvKYQBGW2DWXGuFRD.pdf
Traceback (most recent call last):
  File "c:\Users\Mohit Khanwale\Desktop\SplitReq\SplitReq-Parser\batch_parsing.py", line 41, in parseUnzippedResumes
    if output_dict:
UnboundLocalError: local variable 'output_dict' referenced before assignment
2021-05-02 05:12:39,536 - batch_parsing - ERROR - Error in batch parser while parsing resume- Bob Hitching_BzY68BLM7esAbULE3dXapR_9kimZQWe3tESVQHym2RnBs_RFXncVb9ixV9z4pvpMS223_9oc5i7PjeRktYLfqJRens9_ZTRfAoen8MjVsvvHCGjqzr_knCqiU36MHCHrFoPFET2Fm_Wyda5VEGPxs6vDtrBMj2kE_kSGcBNaEbuKpNRZTe9wrfW.pdf
Traceback (most recent call last):
  File "c:\Users\Mohit Khanwale\Desktop\SplitReq\SplitReq-Parser\batch_parsing.py", line 41, in parseUnzippedResumes
    if output_dict:
UnboundLocalError: local variable 'output_dict' referenced before assignment
2021-05-02 05:12:39,539 - batch_parsing - ERROR - Error in batch parser while parsing resume- Linda Chang_D4LC8q3j4q83WZEqkNsYvV_aVwwQ2sntENaa3bPXvCFNH_Yu9S2urzYJkHwnKvkMpYY5_CiBwh9DWRGruRT5M8PvAQE_gWEspXbgJEgEcDc9hhFmtU_cRA3fom9YADTWb5EkHzeHP_g9HksEqHFJ5fFPtF6PHCJ2_BZ484VJwGCpKvQZ7RMUCvw.docx
Traceback (most recent call last):
  File "c:\Users\Mohit Khanwale\Desktop\SplitReq\SplitReq-Parser\batch_parsing.py", line 41, in parseUnzippedResumes
    if output_dict:
UnboundLocalError: local variable 'output_dict' referenced before assignment
2021-05-02 05:12:39,542 - batch_parsing - ERROR - Error in batch parser while parsing resume- unparsed_resumes_GFrPzz8Cnk2vSbTiymtK3w_dVV5EQwDjfmQZh8VXRDDeU.zip
Traceback (most recent call last):
  File "c:\Users\Mohit Khanwale\Desktop\SplitReq\SplitReq-Parser\batch_parsing.py", line 41, in parseUnzippedResumes
    if output_dict:
UnboundLocalError: local variable 'output_dict' referenced before assignment
2021-05-02 05:13:34,972 - batch_parsing - INFO - Starting the Batch Parsing of batch_parsing\ipNLfea4wEqA34W8YnFzoe
2021-05-02 05:13:34,986 - batch_parsing - ERROR - Error in batch parser while parsing resume- Adrian Moreno_jRZkT5RYvyuumyTHsDtZ9D_5AGv6ma7XQzJRCDfH7SpAY_W2GnY8V4RQW5ZWpD76qApn_4E4qbAnjqD73jaA8hBqYNr_8mghWSrFPvUikycCaLuQqm_8RNRYunZFeDyvb3a2noz5X_mAyKcj5ecAcxP2WTBTPd3b_DD2y9NkETpMAioqRc4UNzC_No8iQFRzJvJ7DfUz2BZbh2.doc
Traceback (most recent call last):
  File "c:\Users\Mohit Khanwale\Desktop\SplitReq\SplitReq-Parser\batch_parsing.py", line 43, in parseUnzippedResumes
    raise Exception
Exception
2021-05-02 05:13:35,312 - batch_parsing - ERROR - Error in batch parser while parsing resume- Bhavik_Shah_WebDev_Java_more_R7ryaaiE6VEe9TLxCchLah_AJnWTcw5V7QA3Z7caVj9gr_YBCsvW3oQm8du4vkphQKog_bbCXVBD45MDmVnQ2m2KbCt_CreXEUtKWTJYh3nifnGXwf_H7iwekdLVMBP64CQEwwCAU_c8qHQscdiz7zyG2iMhujFz_cTXCWfvKYQBGW2DWXGuFRD_gpHMfcEGGFvUmdyF4GqBAB.pdf
Traceback (most recent call last):
  File "c:\Users\Mohit Khanwale\Desktop\SplitReq\SplitReq-Parser\batch_parsing.py", line 40, in parseUnzippedResumes
    os.rename(org_file_path, new_file_path)
OSError: [WinError 123] The filename, directory name, or volume label syntax is incorrect: 'batch_parsing\\ipNLfea4wEqA34W8YnFzoe\\Bhavik_Shah_WebDev_Java_more_R7ryaaiE6VEe9TLxCchLah_AJnWTcw5V7QA3Z7caVj9gr_YBCsvW3oQm8du4vkphQKog_bbCXVBD45MDmVnQ2m2KbCt_CreXEUtKWTJYh3nifnGXwf_H7iwekdLVMBP64CQEwwCAU_c8qHQscdiz7zyG2iMhujFz_cTXCWfvKYQBGW2DWXGuFRD_gpHMfcEGGFvUmdyF4GqBAB.pdf' -> 'batch_parsing\\ipNLfea4wEqA34W8YnFzoe\\Bhavik_Shah_WebDev_Java_more_R7ryaaiE6VEe9TLxCchLah_AJnWTcw5V7QA3Z7caVj9gr_YBCsvW3oQm8du4vkphQKog_bbCXVBD45MDmVnQ2m2KbCt_CreXEUtKWTJYh3nifnGXwf_H7iwekdLVMBP64CQEwwCAU_c8qHQscdiz7zyG2iMhujFz_cTXCWfvKYQBGW2DWXGuFRD_gpHMfcEGGFvUmdyF4GqBAB_SWA3DzSDKAZabyQgPmDWwG.pdf'
2021-05-02 05:13:36,824 - batch_parsing - ERROR - Error in batch parser while parsing resume- unparsed_resumes.zip
Traceback (most recent call last):
  File "c:\Users\Mohit Khanwale\Desktop\SplitReq\SplitReq-Parser\batch_parsing.py", line 43, in parseUnzippedResumes
    raise Exception
Exception
2021-05-02 05:13:36,827 - batch_parsing - ERROR - Error in batch parser while parsing resume- unparsed_resumes_GFrPzz8Cnk2vSbTiymtK3w_dVV5EQwDjfmQZh8VXRDDeU_LNuyP9zm6hHcTRaQLmMG5q.zip
Traceback (most recent call last):
  File "c:\Users\Mohit Khanwale\Desktop\SplitReq\SplitReq-Parser\batch_parsing.py", line 43, in parseUnzippedResumes
    raise Exception
Exception
2021-05-02 05:17:09,251 - batch_parsing - INFO - Starting the Batch Parsing of batch_parsing\ipNLfea4wEqA34W8YnFzoe
2021-05-02 05:17:09,254 - batch_parsing - ERROR - Error in batch parser while parsing resume- Adrian Moreno_jRZkT5RYvyuumyTHsDtZ9D_5AGv6ma7XQzJRCDfH7SpAY_W2GnY8V4RQW5ZWpD76qApn_4E4qbAnjqD73jaA8hBqYNr_8mghWSrFPvUikycCaLuQqm_8RNRYunZFeDyvb3a2noz5X_mAyKcj5ecAcxP2WTBTPd3b_DD2y9NkETpMAioqRc4UNzC_No8iQFRzJvJ7DfUz2BZbh2_RdrKvgV5ViDx64CuXg7s2s.doc
Traceback (most recent call last):
  File "c:\Users\Mohit Khanwale\Desktop\SplitReq\SplitReq-Parser\batch_parsing.py", line 40, in parseUnzippedResumes
    os.rename(org_file_path, new_file_path)
OSError: [WinError 123] The filename, directory name, or volume label syntax is incorrect: 'batch_parsing\\ipNLfea4wEqA34W8YnFzoe\\Adrian Moreno_jRZkT5RYvyuumyTHsDtZ9D_5AGv6ma7XQzJRCDfH7SpAY_W2GnY8V4RQW5ZWpD76qApn_4E4qbAnjqD73jaA8hBqYNr_8mghWSrFPvUikycCaLuQqm_8RNRYunZFeDyvb3a2noz5X_mAyKcj5ecAcxP2WTBTPd3b_DD2y9NkETpMAioqRc4UNzC_No8iQFRzJvJ7DfUz2BZbh2_RdrKvgV5ViDx64CuXg7s2s.doc' -> 'batch_parsing\\ipNLfea4wEqA34W8YnFzoe\\Adrian Moreno_jRZkT5RYvyuumyTHsDtZ9D_5AGv6ma7XQzJRCDfH7SpAY_W2GnY8V4RQW5ZWpD76qApn_4E4qbAnjqD73jaA8hBqYNr_8mghWSrFPvUikycCaLuQqm_8RNRYunZFeDyvb3a2noz5X_mAyKcj5ecAcxP2WTBTPd3b_DD2y9NkETpMAioqRc4UNzC_No8iQFRzJvJ7DfUz2BZbh2_RdrKvgV5ViDx64CuXg7s2s_AsEuRGuRb3EAD8NBZ8vpDK.doc'
2021-05-02 05:17:09,264 - batch_parsing - ERROR - Error in batch parser while parsing resume- BenDean_3Xze8XHVDM5UbyZdjqAnZ2_bFztT5jXNHxhYHmo9AnThA_YdovtXbg4H8DuhHuHo23Wv_iAm47iMpW5BW5m5ZJkv6Dd_b845ShhRyVuj2bQoHaGQie_JuMdVAawpqMxHgbre9U3Wv_Mp22pRuoEDTiqkZfMSx9Ti_gGdPWgV95SoZs7bSQc4fcE_CUwGtaLHnYafcZV79whwCc_hmMMQFJg9xeX7CXVFsAVnQ.pdf
Traceback (most recent call last):
  File "c:\Users\Mohit Khanwale\Desktop\SplitReq\SplitReq-Parser\batch_parsing.py", line 40, in parseUnzippedResumes
    os.rename(org_file_path, new_file_path)
OSError: [WinError 123] The filename, directory name, or volume label syntax is incorrect: 'batch_parsing\\ipNLfea4wEqA34W8YnFzoe\\BenDean_3Xze8XHVDM5UbyZdjqAnZ2_bFztT5jXNHxhYHmo9AnThA_YdovtXbg4H8DuhHuHo23Wv_iAm47iMpW5BW5m5ZJkv6Dd_b845ShhRyVuj2bQoHaGQie_JuMdVAawpqMxHgbre9U3Wv_Mp22pRuoEDTiqkZfMSx9Ti_gGdPWgV95SoZs7bSQc4fcE_CUwGtaLHnYafcZV79whwCc_hmMMQFJg9xeX7CXVFsAVnQ.pdf' -> 'batch_parsing\\ipNLfea4wEqA34W8YnFzoe\\BenDean_3Xze8XHVDM5UbyZdjqAnZ2_bFztT5jXNHxhYHmo9AnThA_YdovtXbg4H8DuhHuHo23Wv_iAm47iMpW5BW5m5ZJkv6Dd_b845ShhRyVuj2bQoHaGQie_JuMdVAawpqMxHgbre9U3Wv_Mp22pRuoEDTiqkZfMSx9Ti_gGdPWgV95SoZs7bSQc4fcE_CUwGtaLHnYafcZV79whwCc_hmMMQFJg9xeX7CXVFsAVnQ_ceQdF7jqNE85589s37ZTV2.pdf'
2021-05-02 05:17:09,266 - batch_parsing - ERROR - Error in batch parser while parsing resume- Bhavik_Shah_WebDev_Java_more_R7ryaaiE6VEe9TLxCchLah_AJnWTcw5V7QA3Z7caVj9gr_YBCsvW3oQm8du4vkphQKog_bbCXVBD45MDmVnQ2m2KbCt_CreXEUtKWTJYh3nifnGXwf_H7iwekdLVMBP64CQEwwCAU_c8qHQscdiz7zyG2iMhujFz_cTXCWfvKYQBGW2DWXGuFRD_gpHMfcEGGFvUmdyF4GqBAB.pdf
Traceback (most recent call last):
  File "c:\Users\Mohit Khanwale\Desktop\SplitReq\SplitReq-Parser\batch_parsing.py", line 40, in parseUnzippedResumes
    os.rename(org_file_path, new_file_path)
OSError: [WinError 123] The filename, directory name, or volume label syntax is incorrect: 'batch_parsing\\ipNLfea4wEqA34W8YnFzoe\\Bhavik_Shah_WebDev_Java_more_R7ryaaiE6VEe9TLxCchLah_AJnWTcw5V7QA3Z7caVj9gr_YBCsvW3oQm8du4vkphQKog_bbCXVBD45MDmVnQ2m2KbCt_CreXEUtKWTJYh3nifnGXwf_H7iwekdLVMBP64CQEwwCAU_c8qHQscdiz7zyG2iMhujFz_cTXCWfvKYQBGW2DWXGuFRD_gpHMfcEGGFvUmdyF4GqBAB.pdf' -> 'batch_parsing\\ipNLfea4wEqA34W8YnFzoe\\Bhavik_Shah_WebDev_Java_more_R7ryaaiE6VEe9TLxCchLah_AJnWTcw5V7QA3Z7caVj9gr_YBCsvW3oQm8du4vkphQKog_bbCXVBD45MDmVnQ2m2KbCt_CreXEUtKWTJYh3nifnGXwf_H7iwekdLVMBP64CQEwwCAU_c8qHQscdiz7zyG2iMhujFz_cTXCWfvKYQBGW2DWXGuFRD_gpHMfcEGGFvUmdyF4GqBAB_2qLiExudUbYYh9RfqSXJ4G.pdf'
2021-05-02 05:17:09,269 - batch_parsing - ERROR - Error in batch parser while parsing resume- Bob Hitching_BzY68BLM7esAbULE3dXapR_9kimZQWe3tESVQHym2RnBs_RFXncVb9ixV9z4pvpMS223_9oc5i7PjeRktYLfqJRens9_ZTRfAoen8MjVsvvHCGjqzr_knCqiU36MHCHrFoPFET2Fm_Wyda5VEGPxs6vDtrBMj2kE_kSGcBNaEbuKpNRZTe9wrfW_bGQR5gNHNNM7YYv5YkBBPr_mLTZceTf7TdbsxWCGtSGcJ.pdf
Traceback (most recent call last):
  File "c:\Users\Mohit Khanwale\Desktop\SplitReq\SplitReq-Parser\batch_parsing.py", line 40, in parseUnzippedResumes
    os.rename(org_file_path, new_file_path)
OSError: [WinError 123] The filename, directory name, or volume label syntax is incorrect: 'batch_parsing\\ipNLfea4wEqA34W8YnFzoe\\Bob Hitching_BzY68BLM7esAbULE3dXapR_9kimZQWe3tESVQHym2RnBs_RFXncVb9ixV9z4pvpMS223_9oc5i7PjeRktYLfqJRens9_ZTRfAoen8MjVsvvHCGjqzr_knCqiU36MHCHrFoPFET2Fm_Wyda5VEGPxs6vDtrBMj2kE_kSGcBNaEbuKpNRZTe9wrfW_bGQR5gNHNNM7YYv5YkBBPr_mLTZceTf7TdbsxWCGtSGcJ.pdf' -> 'batch_parsing\\ipNLfea4wEqA34W8YnFzoe\\Bob Hitching_BzY68BLM7esAbULE3dXapR_9kimZQWe3tESVQHym2RnBs_RFXncVb9ixV9z4pvpMS223_9oc5i7PjeRktYLfqJRens9_ZTRfAoen8MjVsvvHCGjqzr_knCqiU36MHCHrFoPFET2Fm_Wyda5VEGPxs6vDtrBMj2kE_kSGcBNaEbuKpNRZTe9wrfW_bGQR5gNHNNM7YYv5YkBBPr_mLTZceTf7TdbsxWCGtSGcJ_SbJFt3P6dbTJeH8UDje7Kc.pdf'
2021-05-02 05:17:09,271 - batch_parsing - ERROR - Error in batch parser while parsing resume- Linda Chang_D4LC8q3j4q83WZEqkNsYvV_aVwwQ2sntENaa3bPXvCFNH_Yu9S2urzYJkHwnKvkMpYY5_CiBwh9DWRGruRT5M8PvAQE_gWEspXbgJEgEcDc9hhFmtU_cRA3fom9YADTWb5EkHzeHP_g9HksEqHFJ5fFPtF6PHCJ2_BZ484VJwGCpKvQZ7RMUCvw_hYku4ghABywfkQDp788dsf_o6KoiLhapnSeec59FXhwhk.docx
Traceback (most recent call last):
  File "c:\Users\Mohit Khanwale\Desktop\SplitReq\SplitReq-Parser\batch_parsing.py", line 40, in parseUnzippedResumes
    os.rename(org_file_path, new_file_path)
OSError: [WinError 123] The filename, directory name, or volume label syntax is incorrect: 'batch_parsing\\ipNLfea4wEqA34W8YnFzoe\\Linda Chang_D4LC8q3j4q83WZEqkNsYvV_aVwwQ2sntENaa3bPXvCFNH_Yu9S2urzYJkHwnKvkMpYY5_CiBwh9DWRGruRT5M8PvAQE_gWEspXbgJEgEcDc9hhFmtU_cRA3fom9YADTWb5EkHzeHP_g9HksEqHFJ5fFPtF6PHCJ2_BZ484VJwGCpKvQZ7RMUCvw_hYku4ghABywfkQDp788dsf_o6KoiLhapnSeec59FXhwhk.docx' -> 'batch_parsing\\ipNLfea4wEqA34W8YnFzoe\\Linda Chang_D4LC8q3j4q83WZEqkNsYvV_aVwwQ2sntENaa3bPXvCFNH_Yu9S2urzYJkHwnKvkMpYY5_CiBwh9DWRGruRT5M8PvAQE_gWEspXbgJEgEcDc9hhFmtU_cRA3fom9YADTWb5EkHzeHP_g9HksEqHFJ5fFPtF6PHCJ2_BZ484VJwGCpKvQZ7RMUCvw_hYku4ghABywfkQDp788dsf_o6KoiLhapnSeec59FXhwhk_GUayScBcCXaty2YacPqaXZ.docx'
2021-05-02 05:17:09,275 - batch_parsing - ERROR - Error in batch parser while parsing resume- unparsed_resumes.zip
Traceback (most recent call last):
  File "c:\Users\Mohit Khanwale\Desktop\SplitReq\SplitReq-Parser\batch_parsing.py", line 43, in parseUnzippedResumes
    raise Exception
Exception
2021-05-02 05:17:09,278 - batch_parsing - ERROR - Error in batch parser while parsing resume- unparsed_resumes_GFrPzz8Cnk2vSbTiymtK3w_dVV5EQwDjfmQZh8VXRDDeU_LNuyP9zm6hHcTRaQLmMG5q_JCESzDD4U2cf27vuD5K7Qq.zip
Traceback (most recent call last):
  File "c:\Users\Mohit Khanwale\Desktop\SplitReq\SplitReq-Parser\batch_parsing.py", line 43, in parseUnzippedResumes
    raise Exception
Exception
2021-05-02 05:17:09,290 - batch_parsing - ERROR - Error in batch parser while parsing resume- unparsed_resumes_W9s7WK9HUXHCbDPF5nibYn.zip
Traceback (most recent call last):
  File "c:\Users\Mohit Khanwale\Desktop\SplitReq\SplitReq-Parser\batch_parsing.py", line 43, in parseUnzippedResumes
    raise Exception
Exception
2021-05-02 05:18:03,053 - batch_parsing - INFO - Starting the Batch Parsing of batch_parsing\ipNLfea4wEqA34W8YnFzoe
2021-05-02 05:18:03,062 - batch_parsing - ERROR - Error in batch parser while parsing resume- Adrian Moreno.doc
Traceback (most recent call last):
  File "c:\Users\Mohit Khanwale\Desktop\SplitReq\SplitReq-Parser\batch_parsing.py", line 43, in parseUnzippedResumes
    raise Exception
Exception
2021-05-02 05:21:16,923 - batch_parsing - INFO - Starting the Batch Parsing of batch_parsing\ipNLfea4wEqA34W8YnFzoe
2021-05-02 05:21:16,932 - batch_parsing - ERROR - Error in batch parser while parsing resume- Adrian Moreno_mnua6cMwPsKWSZ5rMvhZCm.doc
Traceback (most recent call last):
  File "c:\Users\Mohit Khanwale\Desktop\SplitReq\SplitReq-Parser\batch_parsing.py", line 43, in parseUnzippedResumes
    raise Exception
Exception
2021-05-02 05:34:41,335 - batch_parsing - INFO - Starting the Batch Parsing of batch_parsing\ipNLfea4wEqA34W8YnFzoe
2021-05-02 05:34:41,345 - batch_parsing - ERROR - Error in batch parser while parsing resume- Adrian Moreno_mnua6cMwPsKWSZ5rMvhZCm_W9Tz4wtoAjE3KeGKX8WaLg.doc
Traceback (most recent call last):
  File "c:\Users\Mohit Khanwale\Desktop\SplitReq\SplitReq-Parser\batch_parsing.py", line 43, in parseUnzippedResumes
    raise Exception
Exception
2021-05-02 05:34:43,937 - batch_parsing - ERROR - Error in batch parser while parsing resume- unparsed_resumes.zip
Traceback (most recent call last):
  File "c:\Users\Mohit Khanwale\Desktop\SplitReq\SplitReq-Parser\batch_parsing.py", line 43, in parseUnzippedResumes
    raise Exception
Exception
2021-05-02 05:46:16,422 - batch_parsing - INFO - Authenticated user 'markabbot' with key '123abc456'
2021-05-02 05:46:16,450 - batch_parsing - INFO - Starting the Batch Parsing of batch_parsing\VwHeTdBFRMWgDqEVrBUZ4S
2021-05-02 05:46:20,497 - batch_parsing - CRITICAL - Error converting unparsed resume Zip file to Base64 string
2021-05-02 05:46:20,498 - batch_parsing - CRITICAL - Error extracting data points from given resume batch, request sent by user- markabbot
Traceback (most recent call last):
  File "c:\Users\Mohit Khanwale\Desktop\SplitReq\SplitReq-Parser\flask_app.py", line 231, in batchResumeParsing
    batch_output = parseUnzippedResumes(unzip_path)
  File "c:\Users\Mohit Khanwale\Desktop\SplitReq\SplitReq-Parser\batch_parsing.py", line 69, in parseUnzippedResumes
    final_batch_output["unparsed_resume_zip_as_base64"] = base64str
UnboundLocalError: local variable 'base64str' referenced before assignment
2021-05-02 05:50:09,395 - batch_parsing - INFO - Authenticated user 'markabbot' with key '123abc456'
2021-05-02 05:50:09,425 - batch_parsing - INFO - Starting the Batch Parsing of batch_parsing\ak4nFCLnTxnGv2rdKAX9Ee
2021-05-02 05:56:05,485 - batch_parsing - INFO - Authenticated user 'markabbot' with key '123abc456'
2021-05-02 05:56:05,511 - batch_parsing - INFO - Starting the Batch Parsing of batch_parsing\EszDbJzEYmRHLJsZ3mfbuj
2021-05-02 05:59:51,842 - batch_parsing - INFO - Authenticated user 'markabbot' with key '123abc456'
2021-05-02 05:59:51,870 - batch_parsing - INFO - Starting the Batch Parsing of batch_parsing\AW33LYSkPkqps8K5buttke
2021-05-02 06:14:34,541 - batch_parsing - INFO - Authenticated user 'markabbot' with key '123abc456'
2021-05-02 06:14:34,569 - batch_parsing - INFO - Starting the Batch Parsing of batch_parsing\QbQrHtMRJYhWxFHrk4u9Pu
